<?xml version="1.0" encoding="UTF-8"?>
<testsuite name="ohtu.verkkokauppa.KauppaTest" tests="8" skipped="0" failures="0" errors="0" timestamp="2019-11-24T23:19:44" hostname="nopee" time="1.128">
  <properties/>
  <testcase name="kauppaPyytaaUuudenViitteen" classname="ohtu.verkkokauppa.KauppaTest" time="1.104"/>
  <testcase name="ostoksenPaaytyttyaPankinMetodiaTilisiirtoKutsutaan" classname="ohtu.verkkokauppa.KauppaTest" time="0.003"/>
  <testcase name="montaSamaaTuotettaOstetaanOikein" classname="ohtu.verkkokauppa.KauppaTest" time="0.002"/>
  <testcase name="tuottenVoiPoistaaKorista" classname="ohtu.verkkokauppa.KauppaTest" time="0.002"/>
  <testcase name="montaEriTuotettaOstetaanOikein" classname="ohtu.verkkokauppa.KauppaTest" time="0.003"/>
  <testcase name="loppunuttaTuotettaEiLisataKoriin" classname="ohtu.verkkokauppa.KauppaTest" time="0.003"/>
  <testcase name="ostoksenPaaytyttyaPankinMetodiaTilisiirtoKutsutaanOikein" classname="ohtu.verkkokauppa.KauppaTest" time="0.002"/>
  <testcase name="aloitaAsiointiNollaaTiedot" classname="ohtu.verkkokauppa.KauppaTest" time="0.003"/>
  <system-out><![CDATA[]]></system-out>
  <system-err><![CDATA[]]></system-err>
</testsuite>
